Starting SellApplication using Java 1.8.0_212 on wangjinpingdeMacBook-Pro.local with PID 29879 (/Users/wangjp/Desktop/sell/target/classes started by wangjp in /Users/wangjp/Desktop/sell)
No active profile set, falling back to default profiles: default
Bootstrapping Spring Data JPA repositories in DEFAULT mode.
Finished Spring Data repository scanning in 80 ms. Found 4 JPA repository interfaces.
Tomcat initialized with port(s): 8888 (http)
Initializing ProtocolHandler ["http-nio-8888"]
Starting service [Tomcat]
Starting Servlet engine: [Apache Tomcat/9.0.41]
Initializing Spring embedded WebApplicationContext
Root WebApplicationContext: initialization completed in 1676 ms
HikariPool-1 - Starting...
HikariPool-1 - Start completed.
HHH000204: Processing PersistenceUnitInfo [name: default]
HHH000412: Hibernate ORM core version 5.4.27.Final
HCANN000001: Hibernate Commons Annotations {5.1.2.Final}
HHH000400: Using dialect: org.hibernate.dialect.MySQL55Dialect
HHH000490: Using JtaPlatform implementation: [org.hibernate.engine.transaction.jta.platform.internal.NoJtaPlatform]
Initialized JPA EntityManagerFactory for persistence unit 'default'
spring.jpa.open-in-view is enabled by default. Therefore, database queries may be performed during view rendering. Explicitly configure spring.jpa.open-in-view to disable this warning
Initializing ExecutorService 'applicationTaskExecutor'
Starting ProtocolHandler ["http-nio-8888"]
Tomcat started on port(s): 8888 (http) with context path '/sell'
Started SellApplication in 4.731 seconds (JVM running for 5.385)
Initializing Spring DispatcherServlet 'dispatcherServlet'
Initializing Servlet 'dispatcherServlet'
Completed initialization in 3 ms
Shutting down ExecutorService 'applicationTaskExecutor'
Closing JPA EntityManagerFactory for persistence unit 'default'
HikariPool-1 - Shutdown initiated...
HikariPool-1 - Shutdown completed.
Starting SellApplication using Java 1.8.0_212 on wangjinpingdeMacBook-Pro.local with PID 29941 (/Users/wangjp/Desktop/sell/target/classes started by wangjp in /Users/wangjp/Desktop/sell)
No active profile set, falling back to default profiles: default
Bootstrapping Spring Data JPA repositories in DEFAULT mode.
Finished Spring Data repository scanning in 41 ms. Found 4 JPA repository interfaces.
Tomcat initialized with port(s): 8888 (http)
Initializing ProtocolHandler ["http-nio-8888"]
Starting service [Tomcat]
Starting Servlet engine: [Apache Tomcat/9.0.41]
Initializing Spring embedded WebApplicationContext
Root WebApplicationContext: initialization completed in 1160 ms
HikariPool-1 - Starting...
HikariPool-1 - Start completed.
HHH000204: Processing PersistenceUnitInfo [name: default]
HHH000412: Hibernate ORM core version 5.4.27.Final
HCANN000001: Hibernate Commons Annotations {5.1.2.Final}
HHH000400: Using dialect: org.hibernate.dialect.MySQL55Dialect
HHH000490: Using JtaPlatform implementation: [org.hibernate.engine.transaction.jta.platform.internal.NoJtaPlatform]
Initialized JPA EntityManagerFactory for persistence unit 'default'
spring.jpa.open-in-view is enabled by default. Therefore, database queries may be performed during view rendering. Explicitly configure spring.jpa.open-in-view to disable this warning
Initializing ExecutorService 'applicationTaskExecutor'
Starting ProtocolHandler ["http-nio-8888"]
Tomcat started on port(s): 8888 (http) with context path '/sell'
Started SellApplication in 3.359 seconds (JVM running for 3.92)
Initializing Spring DispatcherServlet 'dispatcherServlet'
Initializing Servlet 'dispatcherServlet'
Completed initialization in 2 ms
Shutting down ExecutorService 'applicationTaskExecutor'
Closing JPA EntityManagerFactory for persistence unit 'default'
HikariPool-1 - Shutdown initiated...
HikariPool-1 - Shutdown completed.
Starting SellApplication using Java 1.8.0_212 on wangjinpingdeMacBook-Pro.local with PID 29957 (/Users/wangjp/Desktop/sell/target/classes started by wangjp in /Users/wangjp/Desktop/sell)
No active profile set, falling back to default profiles: default
Bootstrapping Spring Data JPA repositories in DEFAULT mode.
Finished Spring Data repository scanning in 48 ms. Found 4 JPA repository interfaces.
Tomcat initialized with port(s): 8888 (http)
Initializing ProtocolHandler ["http-nio-8888"]
Starting service [Tomcat]
Starting Servlet engine: [Apache Tomcat/9.0.41]
Initializing Spring embedded WebApplicationContext
Root WebApplicationContext: initialization completed in 1207 ms
HikariPool-1 - Starting...
HikariPool-1 - Start completed.
HHH000204: Processing PersistenceUnitInfo [name: default]
HHH000412: Hibernate ORM core version 5.4.27.Final
HCANN000001: Hibernate Commons Annotations {5.1.2.Final}
HHH000400: Using dialect: org.hibernate.dialect.MySQL55Dialect
HHH000490: Using JtaPlatform implementation: [org.hibernate.engine.transaction.jta.platform.internal.NoJtaPlatform]
Initialized JPA EntityManagerFactory for persistence unit 'default'
spring.jpa.open-in-view is enabled by default. Therefore, database queries may be performed during view rendering. Explicitly configure spring.jpa.open-in-view to disable this warning
Initializing ExecutorService 'applicationTaskExecutor'
Starting ProtocolHandler ["http-nio-8888"]
Tomcat started on port(s): 8888 (http) with context path '/sell'
Started SellApplication in 4.084 seconds (JVM running for 5.12)
Initializing Spring DispatcherServlet 'dispatcherServlet'
Initializing Servlet 'dispatcherServlet'
Completed initialization in 1 ms
HikariPool-1 - Thread starvation or clock leap detected (housekeeper delta=3m24s976ms).
Shutting down ExecutorService 'applicationTaskExecutor'
Closing JPA EntityManagerFactory for persistence unit 'default'
HikariPool-1 - Shutdown initiated...
HikariPool-1 - Shutdown completed.
Starting SellApplication using Java 1.8.0_212 on wangjinpingdeMacBook-Pro.local with PID 29993 (/Users/wangjp/Desktop/sell/target/classes started by wangjp in /Users/wangjp/Desktop/sell)
No active profile set, falling back to default profiles: default
Bootstrapping Spring Data JPA repositories in DEFAULT mode.
Finished Spring Data repository scanning in 52 ms. Found 4 JPA repository interfaces.
Tomcat initialized with port(s): 8888 (http)
Initializing ProtocolHandler ["http-nio-8888"]
Starting service [Tomcat]
Starting Servlet engine: [Apache Tomcat/9.0.41]
Initializing Spring embedded WebApplicationContext
Root WebApplicationContext: initialization completed in 1319 ms
HikariPool-1 - Starting...
HikariPool-1 - Start completed.
HHH000204: Processing PersistenceUnitInfo [name: default]
HHH000412: Hibernate ORM core version 5.4.27.Final
HCANN000001: Hibernate Commons Annotations {5.1.2.Final}
HHH000400: Using dialect: org.hibernate.dialect.MySQL55Dialect
HHH000490: Using JtaPlatform implementation: [org.hibernate.engine.transaction.jta.platform.internal.NoJtaPlatform]
Initialized JPA EntityManagerFactory for persistence unit 'default'
spring.jpa.open-in-view is enabled by default. Therefore, database queries may be performed during view rendering. Explicitly configure spring.jpa.open-in-view to disable this warning
Initializing ExecutorService 'applicationTaskExecutor'
Starting ProtocolHandler ["http-nio-8888"]
Tomcat started on port(s): 8888 (http) with context path '/sell'
Started SellApplication in 4.36 seconds (JVM running for 4.988)
Initializing Spring DispatcherServlet 'dispatcherServlet'
Initializing Servlet 'dispatcherServlet'
Completed initialization in 2 ms
Shutting down ExecutorService 'applicationTaskExecutor'
Closing JPA EntityManagerFactory for persistence unit 'default'
HikariPool-1 - Shutdown initiated...
HikariPool-1 - Shutdown completed.
Starting SellApplication using Java 1.8.0_212 on wangjinpingdeMacBook-Pro.local with PID 30081 (/Users/wangjp/Desktop/sell/target/classes started by wangjp in /Users/wangjp/Desktop/sell)
No active profile set, falling back to default profiles: default
Bootstrapping Spring Data JPA repositories in DEFAULT mode.
Finished Spring Data repository scanning in 31 ms. Found 4 JPA repository interfaces.
Tomcat initialized with port(s): 8888 (http)
Initializing ProtocolHandler ["http-nio-8888"]
Starting service [Tomcat]
Starting Servlet engine: [Apache Tomcat/9.0.41]
Initializing Spring embedded WebApplicationContext
Root WebApplicationContext: initialization completed in 1137 ms
HikariPool-1 - Starting...
HikariPool-1 - Start completed.
HHH000204: Processing PersistenceUnitInfo [name: default]
HHH000412: Hibernate ORM core version 5.4.27.Final
HCANN000001: Hibernate Commons Annotations {5.1.2.Final}
HHH000400: Using dialect: org.hibernate.dialect.MySQL55Dialect
HHH000490: Using JtaPlatform implementation: [org.hibernate.engine.transaction.jta.platform.internal.NoJtaPlatform]
Initialized JPA EntityManagerFactory for persistence unit 'default'
spring.jpa.open-in-view is enabled by default. Therefore, database queries may be performed during view rendering. Explicitly configure spring.jpa.open-in-view to disable this warning
Initializing ExecutorService 'applicationTaskExecutor'
Starting ProtocolHandler ["http-nio-8888"]
Tomcat started on port(s): 8888 (http) with context path '/sell'
Started SellApplication in 3.443 seconds (JVM running for 4.01)
Initializing Spring DispatcherServlet 'dispatcherServlet'
Initializing Servlet 'dispatcherServlet'
Completed initialization in 1 ms
Shutting down ExecutorService 'applicationTaskExecutor'
Closing JPA EntityManagerFactory for persistence unit 'default'
HikariPool-1 - Shutdown initiated...
HikariPool-1 - Shutdown completed.
Starting SellApplication using Java 1.8.0_212 on wangjinpingdeMacBook-Pro.local with PID 30093 (/Users/wangjp/Desktop/sell/target/classes started by wangjp in /Users/wangjp/Desktop/sell)
No active profile set, falling back to default profiles: default
Bootstrapping Spring Data JPA repositories in DEFAULT mode.
Finished Spring Data repository scanning in 38 ms. Found 4 JPA repository interfaces.
Tomcat initialized with port(s): 8888 (http)
Initializing ProtocolHandler ["http-nio-8888"]
Starting service [Tomcat]
Starting Servlet engine: [Apache Tomcat/9.0.41]
Initializing Spring embedded WebApplicationContext
Root WebApplicationContext: initialization completed in 1234 ms
HikariPool-1 - Starting...
HikariPool-1 - Start completed.
HHH000204: Processing PersistenceUnitInfo [name: default]
HHH000412: Hibernate ORM core version 5.4.27.Final
HCANN000001: Hibernate Commons Annotations {5.1.2.Final}
HHH000400: Using dialect: org.hibernate.dialect.MySQL55Dialect
HHH000490: Using JtaPlatform implementation: [org.hibernate.engine.transaction.jta.platform.internal.NoJtaPlatform]
Initialized JPA EntityManagerFactory for persistence unit 'default'
spring.jpa.open-in-view is enabled by default. Therefore, database queries may be performed during view rendering. Explicitly configure spring.jpa.open-in-view to disable this warning
Initializing ExecutorService 'applicationTaskExecutor'
Starting ProtocolHandler ["http-nio-8888"]
Tomcat started on port(s): 8888 (http) with context path '/sell'
Started SellApplication in 4.082 seconds (JVM running for 4.68)
Shutting down ExecutorService 'applicationTaskExecutor'
Closing JPA EntityManagerFactory for persistence unit 'default'
HikariPool-1 - Shutdown initiated...
HikariPool-1 - Shutdown completed.
Starting SellApplication using Java 1.8.0_212 on wangjinpingdeMacBook-Pro.local with PID 30099 (/Users/wangjp/Desktop/sell/target/classes started by wangjp in /Users/wangjp/Desktop/sell)
No active profile set, falling back to default profiles: default
Bootstrapping Spring Data JPA repositories in DEFAULT mode.
Finished Spring Data repository scanning in 38 ms. Found 4 JPA repository interfaces.
Tomcat initialized with port(s): 8888 (http)
Initializing ProtocolHandler ["http-nio-8888"]
Starting service [Tomcat]
Starting Servlet engine: [Apache Tomcat/9.0.41]
Initializing Spring embedded WebApplicationContext
Root WebApplicationContext: initialization completed in 1140 ms
HikariPool-1 - Starting...
HikariPool-1 - Start completed.
HHH000204: Processing PersistenceUnitInfo [name: default]
HHH000412: Hibernate ORM core version 5.4.27.Final
HCANN000001: Hibernate Commons Annotations {5.1.2.Final}
HHH000400: Using dialect: org.hibernate.dialect.MySQL55Dialect
HHH000490: Using JtaPlatform implementation: [org.hibernate.engine.transaction.jta.platform.internal.NoJtaPlatform]
Initialized JPA EntityManagerFactory for persistence unit 'default'
spring.jpa.open-in-view is enabled by default. Therefore, database queries may be performed during view rendering. Explicitly configure spring.jpa.open-in-view to disable this warning
Initializing ExecutorService 'applicationTaskExecutor'
Starting ProtocolHandler ["http-nio-8888"]
Tomcat started on port(s): 8888 (http) with context path '/sell'
Started SellApplication in 3.742 seconds (JVM running for 4.174)
Initializing Spring DispatcherServlet 'dispatcherServlet'
Initializing Servlet 'dispatcherServlet'
Completed initialization in 2 ms
Shutting down ExecutorService 'applicationTaskExecutor'
Closing JPA EntityManagerFactory for persistence unit 'default'
HikariPool-1 - Shutdown initiated...
HikariPool-1 - Shutdown completed.
HV000001: Hibernate Validator 6.1.7.Final
Starting SellApplication using Java 1.8.0_212 on wangjinpingdeMacBook-Pro.local with PID 30149 (/Users/wangjp/Desktop/sell/target/classes started by wangjp in /Users/wangjp/Desktop/sell)
No active profile set, falling back to default profiles: default
Bootstrapping Spring Data JPA repositories in DEFAULT mode.
Finished Spring Data repository scanning in 31 ms. Found 4 JPA repository interfaces.
Tomcat initialized with port(s): 8888 (http)
Initializing ProtocolHandler ["http-nio-8888"]
Starting service [Tomcat]
Starting Servlet engine: [Apache Tomcat/9.0.41]
Initializing Spring embedded WebApplicationContext
Root WebApplicationContext: initialization completed in 1092 ms
HikariPool-1 - Starting...
HikariPool-1 - Start completed.
HHH000204: Processing PersistenceUnitInfo [name: default]
HHH000412: Hibernate ORM core version 5.4.27.Final
HCANN000001: Hibernate Commons Annotations {5.1.2.Final}
HHH000400: Using dialect: org.hibernate.dialect.MySQL55Dialect
HHH000490: Using JtaPlatform implementation: [org.hibernate.engine.transaction.jta.platform.internal.NoJtaPlatform]
Initialized JPA EntityManagerFactory for persistence unit 'default'
spring.jpa.open-in-view is enabled by default. Therefore, database queries may be performed during view rendering. Explicitly configure spring.jpa.open-in-view to disable this warning
Initializing ExecutorService 'applicationTaskExecutor'
Starting ProtocolHandler ["http-nio-8888"]
Tomcat started on port(s): 8888 (http) with context path '/sell'
Started SellApplication in 3.441 seconds (JVM running for 3.999)
Initializing Spring DispatcherServlet 'dispatcherServlet'
Initializing Servlet 'dispatcherServlet'
Completed initialization in 2 ms
Shutting down ExecutorService 'applicationTaskExecutor'
Closing JPA EntityManagerFactory for persistence unit 'default'
HikariPool-1 - Shutdown initiated...
HikariPool-1 - Shutdown completed.
HV000001: Hibernate Validator 6.1.7.Final
Starting SellApplication using Java 1.8.0_212 on wangjinpingdeMacBook-Pro.local with PID 30155 (/Users/wangjp/Desktop/sell/target/classes started by wangjp in /Users/wangjp/Desktop/sell)
No active profile set, falling back to default profiles: default
Bootstrapping Spring Data JPA repositories in DEFAULT mode.
Finished Spring Data repository scanning in 44 ms. Found 4 JPA repository interfaces.
Tomcat initialized with port(s): 8888 (http)
Initializing ProtocolHandler ["http-nio-8888"]
Starting service [Tomcat]
Starting Servlet engine: [Apache Tomcat/9.0.41]
Initializing Spring embedded WebApplicationContext
Root WebApplicationContext: initialization completed in 1244 ms
HikariPool-1 - Starting...
HikariPool-1 - Start completed.
HHH000204: Processing PersistenceUnitInfo [name: default]
HHH000412: Hibernate ORM core version 5.4.27.Final
HCANN000001: Hibernate Commons Annotations {5.1.2.Final}
HHH000400: Using dialect: org.hibernate.dialect.MySQL55Dialect
HHH000490: Using JtaPlatform implementation: [org.hibernate.engine.transaction.jta.platform.internal.NoJtaPlatform]
Initialized JPA EntityManagerFactory for persistence unit 'default'
spring.jpa.open-in-view is enabled by default. Therefore, database queries may be performed during view rendering. Explicitly configure spring.jpa.open-in-view to disable this warning
Initializing ExecutorService 'applicationTaskExecutor'
Starting ProtocolHandler ["http-nio-8888"]
Tomcat started on port(s): 8888 (http) with context path '/sell'
Started SellApplication in 3.677 seconds (JVM running for 4.097)
Initializing Spring DispatcherServlet 'dispatcherServlet'
Initializing Servlet 'dispatcherServlet'
Completed initialization in 2 ms
Shutting down ExecutorService 'applicationTaskExecutor'
Closing JPA EntityManagerFactory for persistence unit 'default'
HikariPool-1 - Shutdown initiated...
HikariPool-1 - Shutdown completed.
Starting SellApplication using Java 1.8.0_212 on wangjinpingdeMacBook-Pro.local with PID 30160 (/Users/wangjp/Desktop/sell/target/classes started by wangjp in /Users/wangjp/Desktop/sell)
HV000001: Hibernate Validator 6.1.7.Final
No active profile set, falling back to default profiles: default
Bootstrapping Spring Data JPA repositories in DEFAULT mode.
Finished Spring Data repository scanning in 50 ms. Found 4 JPA repository interfaces.
Tomcat initialized with port(s): 8888 (http)
Initializing ProtocolHandler ["http-nio-8888"]
Starting service [Tomcat]
Starting Servlet engine: [Apache Tomcat/9.0.41]
Initializing Spring embedded WebApplicationContext
Root WebApplicationContext: initialization completed in 1146 ms
HikariPool-1 - Starting...
HikariPool-1 - Start completed.
HHH000204: Processing PersistenceUnitInfo [name: default]
HHH000412: Hibernate ORM core version 5.4.27.Final
HCANN000001: Hibernate Commons Annotations {5.1.2.Final}
HHH000400: Using dialect: org.hibernate.dialect.MySQL55Dialect
HHH000490: Using JtaPlatform implementation: [org.hibernate.engine.transaction.jta.platform.internal.NoJtaPlatform]
Initialized JPA EntityManagerFactory for persistence unit 'default'
spring.jpa.open-in-view is enabled by default. Therefore, database queries may be performed during view rendering. Explicitly configure spring.jpa.open-in-view to disable this warning
Initializing ExecutorService 'applicationTaskExecutor'
Starting ProtocolHandler ["http-nio-8888"]
Tomcat started on port(s): 8888 (http) with context path '/sell'
Started SellApplication in 3.777 seconds (JVM running for 4.243)
Initializing Spring DispatcherServlet 'dispatcherServlet'
Initializing Servlet 'dispatcherServlet'
Completed initialization in 1 ms
Shutting down ExecutorService 'applicationTaskExecutor'
Closing JPA EntityManagerFactory for persistence unit 'default'
HikariPool-1 - Shutdown initiated...
HikariPool-1 - Shutdown completed.
HV000001: Hibernate Validator 6.1.7.Final
Starting SellApplication using Java 1.8.0_212 on wangjinpingdeMacBook-Pro.local with PID 34780 (/Users/wangjp/Desktop/sell/target/classes started by wangjp in /Users/wangjp/Desktop/sell)
No active profile set, falling back to default profiles: default
Bootstrapping Spring Data JPA repositories in DEFAULT mode.
Finished Spring Data repository scanning in 56 ms. Found 4 JPA repository interfaces.
Tomcat initialized with port(s): 8888 (http)
Initializing ProtocolHandler ["http-nio-8888"]
Starting service [Tomcat]
Starting Servlet engine: [Apache Tomcat/9.0.41]
Initializing Spring embedded WebApplicationContext
Root WebApplicationContext: initialization completed in 1282 ms
HikariPool-1 - Starting...
HikariPool-1 - Start completed.
HHH000204: Processing PersistenceUnitInfo [name: default]
HHH000412: Hibernate ORM core version 5.4.27.Final
HCANN000001: Hibernate Commons Annotations {5.1.2.Final}
HHH000400: Using dialect: org.hibernate.dialect.MySQL55Dialect
HHH000490: Using JtaPlatform implementation: [org.hibernate.engine.transaction.jta.platform.internal.NoJtaPlatform]
Initialized JPA EntityManagerFactory for persistence unit 'default'
spring.jpa.open-in-view is enabled by default. Therefore, database queries may be performed during view rendering. Explicitly configure spring.jpa.open-in-view to disable this warning
Initializing ExecutorService 'applicationTaskExecutor'
Starting ProtocolHandler ["http-nio-8888"]
Tomcat started on port(s): 8888 (http) with context path '/sell'
Started SellApplication in 4.557 seconds (JVM running for 5.201)
Shutting down ExecutorService 'applicationTaskExecutor'
Closing JPA EntityManagerFactory for persistence unit 'default'
HikariPool-1 - Shutdown initiated...
HikariPool-1 - Shutdown completed.
HV000001: Hibernate Validator 6.1.7.Final
Starting SellApplication using Java 1.8.0_212 on wangjinpingdeMacBook-Pro.local with PID 34787 (/Users/wangjp/Desktop/sell/target/classes started by wangjp in /Users/wangjp/Desktop/sell)
No active profile set, falling back to default profiles: default
Bootstrapping Spring Data JPA repositories in DEFAULT mode.
Finished Spring Data repository scanning in 43 ms. Found 4 JPA repository interfaces.
Tomcat initialized with port(s): 8888 (http)
Initializing ProtocolHandler ["http-nio-8888"]
Starting service [Tomcat]
Starting Servlet engine: [Apache Tomcat/9.0.41]
Initializing Spring embedded WebApplicationContext
Root WebApplicationContext: initialization completed in 982 ms
HikariPool-1 - Starting...
HikariPool-1 - Start completed.
HHH000204: Processing PersistenceUnitInfo [name: default]
HHH000412: Hibernate ORM core version 5.4.27.Final
HCANN000001: Hibernate Commons Annotations {5.1.2.Final}
HHH000400: Using dialect: org.hibernate.dialect.MySQL55Dialect
HHH000490: Using JtaPlatform implementation: [org.hibernate.engine.transaction.jta.platform.internal.NoJtaPlatform]
Initialized JPA EntityManagerFactory for persistence unit 'default'
spring.jpa.open-in-view is enabled by default. Therefore, database queries may be performed during view rendering. Explicitly configure spring.jpa.open-in-view to disable this warning
Initializing ExecutorService 'applicationTaskExecutor'
Starting ProtocolHandler ["http-nio-8888"]
Tomcat started on port(s): 8888 (http) with context path '/sell'
Started SellApplication in 3.157 seconds (JVM running for 3.548)
Initializing Spring DispatcherServlet 'dispatcherServlet'
Initializing Servlet 'dispatcherServlet'
Completed initialization in 1 ms
Shutting down ExecutorService 'applicationTaskExecutor'
Closing JPA EntityManagerFactory for persistence unit 'default'
HikariPool-1 - Shutdown initiated...
HikariPool-1 - Shutdown completed.
HV000001: Hibernate Validator 6.1.7.Final
Starting SellApplication using Java 1.8.0_212 on wangjinpingdeMacBook-Pro.local with PID 34797 (/Users/wangjp/Desktop/sell/target/classes started by wangjp in /Users/wangjp/Desktop/sell)
No active profile set, falling back to default profiles: default
Bootstrapping Spring Data JPA repositories in DEFAULT mode.
Finished Spring Data repository scanning in 46 ms. Found 4 JPA repository interfaces.
Tomcat initialized with port(s): 8888 (http)
Initializing ProtocolHandler ["http-nio-8888"]
Starting service [Tomcat]
Starting Servlet engine: [Apache Tomcat/9.0.41]
Initializing Spring embedded WebApplicationContext
Root WebApplicationContext: initialization completed in 1125 ms
HikariPool-1 - Starting...
HikariPool-1 - Start completed.
HHH000204: Processing PersistenceUnitInfo [name: default]
HHH000412: Hibernate ORM core version 5.4.27.Final
HCANN000001: Hibernate Commons Annotations {5.1.2.Final}
HHH000400: Using dialect: org.hibernate.dialect.MySQL55Dialect
HHH000490: Using JtaPlatform implementation: [org.hibernate.engine.transaction.jta.platform.internal.NoJtaPlatform]
Initialized JPA EntityManagerFactory for persistence unit 'default'
spring.jpa.open-in-view is enabled by default. Therefore, database queries may be performed during view rendering. Explicitly configure spring.jpa.open-in-view to disable this warning
Initializing ExecutorService 'applicationTaskExecutor'
Starting ProtocolHandler ["http-nio-8888"]
Tomcat started on port(s): 8888 (http) with context path '/sell'
Started SellApplication in 3.387 seconds (JVM running for 3.776)
Initializing Spring DispatcherServlet 'dispatcherServlet'
Initializing Servlet 'dispatcherServlet'
Completed initialization in 1 ms
Shutting down ExecutorService 'applicationTaskExecutor'
Closing JPA EntityManagerFactory for persistence unit 'default'
HikariPool-1 - Shutdown initiated...
HikariPool-1 - Shutdown completed.
HV000001: Hibernate Validator 6.1.7.Final
Starting SellApplication using Java 1.8.0_212 on wangjinpingdeMacBook-Pro.local with PID 34859 (/Users/wangjp/Desktop/sell/target/classes started by wangjp in /Users/wangjp/Desktop/sell)
No active profile set, falling back to default profiles: default
Bootstrapping Spring Data JPA repositories in DEFAULT mode.
Finished Spring Data repository scanning in 56 ms. Found 4 JPA repository interfaces.
Tomcat initialized with port(s): 8888 (http)
Initializing ProtocolHandler ["http-nio-8888"]
Starting service [Tomcat]
Starting Servlet engine: [Apache Tomcat/9.0.41]
Initializing Spring embedded WebApplicationContext
Root WebApplicationContext: initialization completed in 1314 ms
HikariPool-1 - Starting...
HikariPool-1 - Start completed.
HHH000204: Processing PersistenceUnitInfo [name: default]
HHH000412: Hibernate ORM core version 5.4.27.Final
HCANN000001: Hibernate Commons Annotations {5.1.2.Final}
HHH000400: Using dialect: org.hibernate.dialect.MySQL55Dialect
HHH000490: Using JtaPlatform implementation: [org.hibernate.engine.transaction.jta.platform.internal.NoJtaPlatform]
Initialized JPA EntityManagerFactory for persistence unit 'default'
spring.jpa.open-in-view is enabled by default. Therefore, database queries may be performed during view rendering. Explicitly configure spring.jpa.open-in-view to disable this warning
Initializing ExecutorService 'applicationTaskExecutor'
Starting ProtocolHandler ["http-nio-8888"]
Tomcat started on port(s): 8888 (http) with context path '/sell'
Started SellApplication in 3.926 seconds (JVM running for 4.583)
Initializing Spring DispatcherServlet 'dispatcherServlet'
Initializing Servlet 'dispatcherServlet'
Completed initialization in 1 ms
Shutting down ExecutorService 'applicationTaskExecutor'
Closing JPA EntityManagerFactory for persistence unit 'default'
HikariPool-1 - Shutdown initiated...
HikariPool-1 - Shutdown completed.
Starting SellApplication using Java 1.8.0_212 on wangjinpingdeMacBook-Pro.local with PID 34910 (/Users/wangjp/Desktop/sell/target/classes started by wangjp in /Users/wangjp/Desktop/sell)
HV000001: Hibernate Validator 6.1.7.Final
No active profile set, falling back to default profiles: default
Bootstrapping Spring Data JPA repositories in DEFAULT mode.
Finished Spring Data repository scanning in 56 ms. Found 4 JPA repository interfaces.
Tomcat initialized with port(s): 8888 (http)
Initializing ProtocolHandler ["http-nio-8888"]
Starting service [Tomcat]
Starting Servlet engine: [Apache Tomcat/9.0.41]
Initializing Spring embedded WebApplicationContext
Root WebApplicationContext: initialization completed in 1118 ms
HikariPool-1 - Starting...
HikariPool-1 - Start completed.
HHH000204: Processing PersistenceUnitInfo [name: default]
HHH000412: Hibernate ORM core version 5.4.27.Final
HCANN000001: Hibernate Commons Annotations {5.1.2.Final}
HHH000400: Using dialect: org.hibernate.dialect.MySQL55Dialect
HHH000490: Using JtaPlatform implementation: [org.hibernate.engine.transaction.jta.platform.internal.NoJtaPlatform]
Initialized JPA EntityManagerFactory for persistence unit 'default'
spring.jpa.open-in-view is enabled by default. Therefore, database queries may be performed during view rendering. Explicitly configure spring.jpa.open-in-view to disable this warning
Initializing ExecutorService 'applicationTaskExecutor'
Starting ProtocolHandler ["http-nio-8888"]
Tomcat started on port(s): 8888 (http) with context path '/sell'
Started SellApplication in 3.272 seconds (JVM running for 3.808)
Shutting down ExecutorService 'applicationTaskExecutor'
Closing JPA EntityManagerFactory for persistence unit 'default'
HikariPool-1 - Shutdown initiated...
HikariPool-1 - Shutdown completed.
